2018-06-22 14:21:35,289 INFO o.a.j.u.JMeterUtils: Setting Locale to en_US
2018-06-22 14:21:35,321 INFO o.a.j.JMeter: Loading user properties from: user.properties
2018-06-22 14:21:35,321 INFO o.a.j.JMeter: Loading system properties from: system.properties
2018-06-22 14:21:35,321 INFO o.a.j.JMeter: Copyright (c) 1998-2017 The Apache Software Foundation
2018-06-22 14:21:35,321 INFO o.a.j.JMeter: Version 3.3 r1808647
2018-06-22 14:21:35,321 INFO o.a.j.JMeter: java.version=9.0.1
2018-06-22 14:21:35,321 INFO o.a.j.JMeter: java.vm.name=Java HotSpot(TM) 64-Bit Server VM
2018-06-22 14:21:35,321 INFO o.a.j.JMeter: os.name=Windows 7
2018-06-22 14:21:35,321 INFO o.a.j.JMeter: os.arch=amd64
2018-06-22 14:21:35,321 INFO o.a.j.JMeter: os.version=6.1
2018-06-22 14:21:35,321 INFO o.a.j.JMeter: file.encoding=Cp1252
2018-06-22 14:21:35,321 INFO o.a.j.JMeter: Max memory     =2061500416
2018-06-22 14:21:35,321 INFO o.a.j.JMeter: Available Processors =4
2018-06-22 14:21:35,336 INFO o.a.j.JMeter: Default Locale=English (United States)
2018-06-22 14:21:35,336 INFO o.a.j.JMeter: JMeter  Locale=English (United States)
2018-06-22 14:21:35,336 INFO o.a.j.JMeter: JMeterHome=C:\Users\E760519\Downloads\apache-jmeter-3.3\apache-jmeter-3.3
2018-06-22 14:21:35,336 INFO o.a.j.JMeter: user.dir  =C:\Users\E760519\Downloads\apache-jmeter-3.3\apache-jmeter-3.3\bin
2018-06-22 14:21:35,336 INFO o.a.j.JMeter: PWD       =C:\Users\E760519\Downloads\apache-jmeter-3.3\apache-jmeter-3.3\bin
2018-06-22 14:21:35,336 INFO o.a.j.JMeter: IP: 10.244.18.228 Name: NAV-00800 FullName: NAV-00800.corp.twcable.com
2018-06-22 14:21:35,601 INFO o.a.j.g.a.LookAndFeelCommand: Using look and feel: javax.swing.plaf.metal.MetalLookAndFeel [Metal, CrossPlatform]
2018-06-22 14:21:35,617 INFO o.a.j.JMeter: Loaded icon properties from org/apache/jmeter/images/icon.properties
2018-06-22 14:21:36,038 INFO o.a.j.e.u.CompoundVariable: Note: Function class names must contain the string: '.functions.'
2018-06-22 14:21:36,038 INFO o.a.j.e.u.CompoundVariable: Note: Function class names must not contain the string: '.gui.'
2018-06-22 14:21:36,880 INFO o.a.j.g.u.MenuFactory: Skipping org.apache.jmeter.assertions.BSFAssertion
2018-06-22 14:21:37,286 INFO o.a.j.g.u.MenuFactory: Skipping org.apache.jmeter.extractor.BSFPostProcessor
2018-06-22 14:21:37,317 INFO o.a.j.g.u.MenuFactory: Skipping org.apache.jmeter.modifiers.BSFPreProcessor
2018-06-22 14:21:37,348 INFO o.a.j.p.h.s.HTTPSamplerBase: Parser for text/html is org.apache.jmeter.protocol.http.parser.LagartoBasedHtmlParser
2018-06-22 14:21:37,348 INFO o.a.j.p.h.s.HTTPSamplerBase: Parser for application/xhtml+xml is org.apache.jmeter.protocol.http.parser.LagartoBasedHtmlParser
2018-06-22 14:21:37,348 INFO o.a.j.p.h.s.HTTPSamplerBase: Parser for application/xml is org.apache.jmeter.protocol.http.parser.LagartoBasedHtmlParser
2018-06-22 14:21:37,348 INFO o.a.j.p.h.s.HTTPSamplerBase: Parser for text/xml is org.apache.jmeter.protocol.http.parser.LagartoBasedHtmlParser
2018-06-22 14:21:37,348 INFO o.a.j.p.h.s.HTTPSamplerBase: Parser for text/vnd.wap.wml is org.apache.jmeter.protocol.http.parser.RegexpHTMLParser
2018-06-22 14:21:37,348 INFO o.a.j.p.h.s.HTTPSamplerBase: Parser for text/css is org.apache.jmeter.protocol.http.parser.CssParser
2018-06-22 14:21:37,921 INFO o.a.j.e.KeyToolUtils: keytool found at 'keytool'
2018-06-22 14:21:37,921 INFO o.a.j.p.h.p.ProxyControl: HTTP(S) Test Script Recorder SSL Proxy will use keys that support embedded 3rd party resources in file C:\Users\E760519\Downloads\apache-jmeter-3.3\apache-jmeter-3.3\bin\proxyserver.jks
2018-06-22 14:21:38,124 INFO o.a.j.g.u.MenuFactory: Skipping org.apache.jmeter.protocol.java.sampler.BSFSampler
2018-06-22 14:21:38,171 INFO o.a.j.s.FileServer: Default base='C:\Users\E760519\Downloads\apache-jmeter-3.3\apache-jmeter-3.3\bin'
2018-06-22 14:21:38,280 INFO o.a.j.g.u.MenuFactory: Skipping org.apache.jmeter.protocol.mongodb.config.MongoSourceElement
2018-06-22 14:21:38,280 INFO o.a.j.g.u.MenuFactory: Skipping org.apache.jmeter.protocol.mongodb.sampler.MongoScriptSampler
2018-06-22 14:21:38,608 INFO o.a.j.g.u.MenuFactory: Skipping org.apache.jmeter.timers.BSFTimer
2018-06-22 14:21:38,639 INFO o.a.j.g.u.MenuFactory: Skipping org.apache.jmeter.visualizers.BSFListener
2018-06-22 14:21:38,857 INFO o.a.j.s.SampleResult: Note: Sample TimeStamps are START times
2018-06-22 14:21:38,857 INFO o.a.j.s.SampleResult: sampleresult.default.encoding is set to ISO-8859-1
2018-06-22 14:21:38,857 INFO o.a.j.s.SampleResult: sampleresult.useNanoTime=true
2018-06-22 14:21:38,857 INFO o.a.j.s.SampleResult: sampleresult.nanoThreadSleep=5000
2018-06-22 14:21:52,086 INFO o.a.j.s.SaveService: Testplan (JMX) version: 2.2. Testlog (JTL) version: 2.2
2018-06-22 14:21:52,133 INFO o.a.j.s.SaveService: Using SaveService properties version 3.2
2018-06-22 14:21:52,133 INFO o.a.j.s.SaveService: Using SaveService properties file encoding UTF-8
2018-06-22 14:21:52,148 INFO o.a.j.s.SampleEvent: List of sample_variables: []
